2012-10-07 23:13:22.551 - <INFO> HttpContext.register(52) | ----- Http Context Initialization Start -----
2012-10-07 23:13:22.564 - <INFO> HttpLogger.info(35) | Alias : DefaultHttp
2012-10-07 23:13:22.565 - <INFO> HttpLogger.info(36) | Host : localhost
2012-10-07 23:13:22.566 - <INFO> HttpLogger.info(37) | Port : 8080
2012-10-07 23:13:22.566 - <INFO> HttpLogger.info(38) | Path : 
2012-10-07 23:13:22.568 - <INFO> HttpLogger.info(39) | Connection TimeOut : 120000
2012-10-07 23:13:22.568 - <INFO> HttpLogger.info(40) | Response TimeOut : 120000
2012-10-07 23:13:22.568 - <INFO> HttpLogger.info(41) | Buffer Size : 8192
2012-10-07 23:13:22.569 - <INFO> HttpContext.register(79) | ------ Http Context Initialization End ------
2012-10-07 23:13:22.575 - <INFO> QuartzContext.register(54) | --- Quartz Scheduler Initialization Start ---
2012-10-07 23:13:22.728 - <INFO> RAMJobStore.initialize(143) | RAMJobStore initialized.
2012-10-07 23:13:22.729 - <INFO> StdSchedulerFactory.instantiate(919) | Quartz scheduler 'DefaultQuartzScheduler' initialized from the specified file : 'conf/quartz.properties'
2012-10-07 23:13:22.729 - <INFO> StdSchedulerFactory.instantiate(923) | Quartz scheduler version: 1.4.5
2012-10-07 23:13:22.730 - <INFO> QuartzContext.register(70) | ---- Quartz Scheduler Initialization End ----
2012-10-07 23:13:22.773 - <INFO> ActiveXContext.registerStrategy(33) | ----- ActiveX Context Initialization Start -----
2012-10-07 23:13:22.774 - <INFO> ActiveXContext.registerStrategy(39) | ActiveX Invoker Strategy : Application
2012-10-07 23:13:22.784 - <INFO> ActiveXContext.registerStrategy(50) | ------ ActiveX Context Initialization End ------
2012-10-07 23:13:22.792 - <INFO> ExceptionTracerContext.register(31) | ----- Exception Tracer Context Initialization Start -----
2012-10-07 23:13:22.792 - <INFO> ExceptionTracerContext.register(35) | Exception Tracer Debug : true
2012-10-07 23:13:22.793 - <INFO> ExceptionTracerContext.register(36) | ------ Exception Tracer Context Initialization End ------
